Flow report for data_path
Fri Mar  3 11:57:58 2023
Quartus II 64-Bit Version 14.0.2 Build 209 09/17/2014 SJ Full Version


---------------------
; Table of Contents ;
---------------------
  1. Legal Notice
  2. Flow Summary
  3. Flow Settings
  4. Flow Non-Default Global Settings
  5. Flow Elapsed Time
  6. Flow OS Summary
  7. Flow Log
  8. Flow Messages
  9. Flow Suppressed Messages



----------------
; Legal Notice ;
----------------
Copyright (C) 1991-2014 Altera Corporation. All rights reserved.
Your use of Altera Corporation's design tools, logic functions 
and other software and tools, and its AMPP partner logic 
functions, and any output files from any of the foregoing 
(including device programming or simulation files), and any 
associated documentation or information are expressly subject 
to the terms and conditions of the Altera Program License 
Subscription Agreement, the Altera Quartus II License Agreement,
the Altera MegaCore Function License Agreement, or other 
applicable license agreement, including, without limitation, 
that your use is for the sole purpose of programming logic 
devices manufactured by Altera and sold by Altera or its 
authorized distributors.  Please refer to the applicable 
agreement for further details.



+----------------------------------------------------------------------------------+
; Flow Summary                                                                     ;
+------------------------------------+---------------------------------------------+
; Flow Status                        ; Successful - Fri Mar  3 11:57:58 2023       ;
; Quartus II 64-Bit Version          ; 14.0.2 Build 209 09/17/2014 SJ Full Version ;
; Revision Name                      ; data_path                                   ;
; Top-level Entity Name              ; data_path                                   ;
; Family                             ; Cyclone IV E                                ;
; Device                             ; EP4CE115F29C7                               ;
; Timing Models                      ; Final                                       ;
; Total logic elements               ; 623 / 114,480 ( < 1 % )                     ;
;     Total combinational functions  ; 611 / 114,480 ( < 1 % )                     ;
;     Dedicated logic registers      ; 193 / 114,480 ( < 1 % )                     ;
; Total registers                    ; 193                                         ;
; Total pins                         ; 388 / 529 ( 73 % )                          ;
; Total virtual pins                 ; 0                                           ;
; Total memory bits                  ; 8,192 / 3,981,312 ( < 1 % )                 ;
; Embedded Multiplier 9-bit elements ; 0 / 532 ( 0 % )                             ;
; Total PLLs                         ; 0 / 4 ( 0 % )                               ;
+------------------------------------+---------------------------------------------+


+-----------------------------------------+
; Flow Settings                           ;
+-------------------+---------------------+
; Option            ; Setting             ;
+-------------------+---------------------+
; Start date & time ; 03/12/2021 21:54:40 ;
; Main task         ; Compilation         ;
; Revision Name     ; data_path           ;
+-------------------+---------------------+


+--------------------------------------------------------------------------------------------------------------------------------------------+
; Flow Non-Default Global Settings                                                                                                           ;
+-------------------------------------+-------------------------------------------------------+---------------+-------------+----------------+
; Assignment Name                     ; Value                                                 ; Default Value ; Entity Name ; Section Id     ;
+-------------------------------------+-------------------------------------------------------+---------------+-------------+----------------+
; COMPILER_SIGNATURE_ID               ; 26403095509635.161560407911472                        ; --            ; --          ; --             ;
; EDA_GENERATE_FUNCTIONAL_NETLIST     ; Off                                                   ; --            ; --          ; eda_simulation ;
; EDA_NETLIST_WRITER_OUTPUT_DIR       ; /home/student2/s374ahme/coe608/Lab4b/simulation/qsim/ ; --            ; --          ; eda_simulation ;
; EDA_OUTPUT_DATA_FORMAT              ; Verilog Hdl                                           ; --            ; --          ; eda_simulation ;
; EDA_SIMULATION_TOOL                 ; ModelSim-Altera (Verilog)                             ; <None>        ; --          ; --             ;
; EDA_TIME_SCALE                      ; 1 ps                                                  ; --            ; --          ; eda_simulation ;
; MAX_CORE_JUNCTION_TEMP              ; 85                                                    ; --            ; --          ; --             ;
; MIN_CORE_JUNCTION_TEMP              ; 0                                                     ; --            ; --          ; --             ;
; NOMINAL_CORE_SUPPLY_VOLTAGE         ; 1.2V                                                  ; --            ; --          ; --             ;
; PARTITION_COLOR                     ; 16764057                                              ; --            ; --          ; Top            ;
; PARTITION_FITTER_PRESERVATION_LEVEL ; PLACEMENT_AND_ROUTING                                 ; --            ; --          ; Top            ;
; PARTITION_NETLIST_TYPE              ; SOURCE                                                ; --            ; --          ; Top            ;
; POWER_BOARD_THERMAL_MODEL           ; None (CONSERVATIVE)                                   ; --            ; --          ; --             ;
; POWER_PRESET_COOLING_SOLUTION       ; 23 MM HEAT SINK WITH 200 LFPM AIRFLOW                 ; --            ; --          ; --             ;
; PROJECT_OUTPUT_DIRECTORY            ; output_files                                          ; --            ; --          ; --             ;
+-------------------------------------+-------------------------------------------------------+---------------+-------------+----------------+


+-------------------------------------------------------------------------------------------------------------------------------+
; Flow Elapsed Time                                                                                                             ;
+---------------------------+--------------+-------------------------+---------------------+------------------------------------+
; Module Name               ; Elapsed Time ; Average Processors Used ; Peak Virtual Memory ; Total CPU Time (on all processors) ;
+---------------------------+--------------+-------------------------+---------------------+------------------------------------+
; Analysis & Synthesis      ; 00:00:07     ; 1.0                     ; 1010 MB             ; 00:00:06                           ;
; Fitter                    ; 00:00:39     ; 1.6                     ; 1504 MB             ; 00:00:49                           ;
; Assembler                 ; 00:00:05     ; 1.0                     ; 784 MB              ; 00:00:05                           ;
; TimeQuest Timing Analyzer ; 00:00:09     ; 1.0                     ; 921 MB              ; 00:00:05                           ;
; EDA Netlist Writer        ; 00:00:03     ; 1.0                     ; 913 MB              ; 00:00:02                           ;
; EDA Netlist Writer        ; 00:00:01     ; 1.0                     ; 1007 MB             ; 00:00:01                           ;
; EDA Netlist Writer        ; 00:00:01     ; 1.0                     ; 1023 MB             ; 00:00:01                           ;
; EDA Netlist Writer        ; 00:00:01     ; 1.0                     ; 1007 MB             ; 00:00:01                           ;
; EDA Netlist Writer        ; 00:00:01     ; 1.0                     ; 1023 MB             ; 00:00:01                           ;
; EDA Netlist Writer        ; 00:00:01     ; 1.0                     ; 1007 MB             ; 00:00:01                           ;
; EDA Netlist Writer        ; 00:00:01     ; 1.0                     ; 1023 MB             ; 00:00:01                           ;
; EDA Netlist Writer        ; 00:00:01     ; 1.0                     ; 1007 MB             ; 00:00:01                           ;
; EDA Netlist Writer        ; 00:00:01     ; 1.0                     ; 1023 MB             ; 00:00:01                           ;
; EDA Netlist Writer        ; 00:00:01     ; 1.0                     ; 1018 MB             ; 00:00:01                           ;
; EDA Netlist Writer        ; 00:00:01     ; 1.0                     ; 1023 MB             ; 00:00:01                           ;
; EDA Netlist Writer        ; 00:00:01     ; 1.0                     ; 1007 MB             ; 00:00:01                           ;
; EDA Netlist Writer        ; 00:00:01     ; 1.0                     ; 1023 MB             ; 00:00:01                           ;
; EDA Netlist Writer        ; 00:00:01     ; 1.0                     ; 1007 MB             ; 00:00:01                           ;
; EDA Netlist Writer        ; 00:00:01     ; 1.0                     ; 1023 MB             ; 00:00:01                           ;
; EDA Netlist Writer        ; 00:00:01     ; 1.0                     ; 1007 MB             ; 00:00:01                           ;
; EDA Netlist Writer        ; 00:00:01     ; 1.0                     ; 1018 MB             ; 00:00:01                           ;
; EDA Netlist Writer        ; 00:00:01     ; 1.0                     ; 1018 MB             ; 00:00:01                           ;
; EDA Netlist Writer        ; 00:00:01     ; 1.0                     ; 1023 MB             ; 00:00:01                           ;
; EDA Netlist Writer        ; 00:00:01     ; 1.0                     ; 1007 MB             ; 00:00:01                           ;
; EDA Netlist Writer        ; 00:00:01     ; 1.0                     ; 1023 MB             ; 00:00:01                           ;
; EDA Netlist Writer        ; 00:00:01     ; 1.0                     ; 1007 MB             ; 00:00:01                           ;
; EDA Netlist Writer        ; 00:00:01     ; 1.0                     ; 1023 MB             ; 00:00:01                           ;
; EDA Netlist Writer        ; 00:00:01     ; 1.0                     ; 1007 MB             ; 00:00:01                           ;
; EDA Netlist Writer        ; 00:00:02     ; 1.0                     ; 1018 MB             ; 00:00:01                           ;
; EDA Netlist Writer        ; 00:00:01     ; 1.0                     ; 1007 MB             ; 00:00:01                           ;
; EDA Netlist Writer        ; 00:00:00     ; 1.0                     ; 1018 MB             ; 00:00:01                           ;
; EDA Netlist Writer        ; 00:00:01     ; 1.0                     ; 1007 MB             ; 00:00:01                           ;
; EDA Netlist Writer        ; 00:00:01     ; 1.0                     ; 1023 MB             ; 00:00:01                           ;
; EDA Netlist Writer        ; 00:00:01     ; 1.0                     ; 1007 MB             ; 00:00:01                           ;
; EDA Netlist Writer        ; 00:00:02     ; 1.0                     ; 1023 MB             ; 00:00:01                           ;
; EDA Netlist Writer        ; 00:00:01     ; 1.0                     ; 1007 MB             ; 00:00:01                           ;
; EDA Netlist Writer        ; 00:00:01     ; 1.0                     ; 1018 MB             ; 00:00:01                           ;
; EDA Netlist Writer        ; 00:00:02     ; 1.0                     ; 1007 MB             ; 00:00:01                           ;
; EDA Netlist Writer        ; 00:00:01     ; 1.0                     ; 1023 MB             ; 00:00:01                           ;
; EDA Netlist Writer        ; 00:00:01     ; 1.0                     ; 1018 MB             ; 00:00:01                           ;
; EDA Netlist Writer        ; 00:00:01     ; 1.0                     ; 1023 MB             ; 00:00:01                           ;
; EDA Netlist Writer        ; 00:00:01     ; 1.0                     ; 1007 MB             ; 00:00:01                           ;
; EDA Netlist Writer        ; 00:00:02     ; 1.0                     ; 1023 MB             ; 00:00:01                           ;
; EDA Netlist Writer        ; 00:00:01     ; 1.0                     ; 1007 MB             ; 00:00:01                           ;
; EDA Netlist Writer        ; 00:00:01     ; 1.0                     ; 1023 MB             ; 00:00:01                           ;
; EDA Netlist Writer        ; 00:00:01     ; 1.0                     ; 1007 MB             ; 00:00:01                           ;
; EDA Netlist Writer        ; 00:00:01     ; 1.0                     ; 1023 MB             ; 00:00:01                           ;
; EDA Netlist Writer        ; 00:00:01     ; 1.0                     ; 1018 MB             ; 00:00:01                           ;
; EDA Netlist Writer        ; 00:00:01     ; 1.0                     ; 1023 MB             ; 00:00:01                           ;
; EDA Netlist Writer        ; 00:00:01     ; 1.0                     ; 1018 MB             ; 00:00:01                           ;
; EDA Netlist Writer        ; 00:00:02     ; 1.0                     ; 1023 MB             ; 00:00:01                           ;
; EDA Netlist Writer        ; 00:00:02     ; 1.0                     ; 1007 MB             ; 00:00:01                           ;
; EDA Netlist Writer        ; 00:00:01     ; 1.0                     ; 1018 MB             ; 00:00:01                           ;
; EDA Netlist Writer        ; 00:00:01     ; 1.0                     ; 1018 MB             ; 00:00:01                           ;
; EDA Netlist Writer        ; 00:00:01     ; 1.0                     ; 1023 MB             ; 00:00:01                           ;
; EDA Netlist Writer        ; 00:00:01     ; 1.0                     ; 1018 MB             ; 00:00:01                           ;
; EDA Netlist Writer        ; 00:00:01     ; 1.0                     ; 1023 MB             ; 00:00:01                           ;
; EDA Netlist Writer        ; 00:00:01     ; 1.0                     ; 1018 MB             ; 00:00:01                           ;
; EDA Netlist Writer        ; 00:00:02     ; 1.0                     ; 1023 MB             ; 00:00:01                           ;
; EDA Netlist Writer        ; 00:00:01     ; 1.0                     ; 1018 MB             ; 00:00:01                           ;
; EDA Netlist Writer        ; 00:00:01     ; 1.0                     ; 1018 MB             ; 00:00:01                           ;
; EDA Netlist Writer        ; 00:00:01     ; 1.0                     ; 1018 MB             ; 00:00:01                           ;
; EDA Netlist Writer        ; 00:00:01     ; 1.0                     ; 1018 MB             ; 00:00:01                           ;
; EDA Netlist Writer        ; 00:00:01     ; 1.0                     ; 1018 MB             ; 00:00:01                           ;
; EDA Netlist Writer        ; 00:00:03     ; 1.0                     ; 1018 MB             ; 00:00:01                           ;
; EDA Netlist Writer        ; 00:00:02     ; 1.0                     ; 1018 MB             ; 00:00:01                           ;
; EDA Netlist Writer        ; 00:00:01     ; 1.0                     ; 1023 MB             ; 00:00:01                           ;
; Total                     ; 00:02:14     ; --                      ; --                  ; 00:02:09                           ;
+---------------------------+--------------+-------------------------+---------------------+------------------------------------+


+------------------------------------------------------------------------------------------------+
; Flow OS Summary                                                                                ;
+---------------------------+---------------------+--------------+--------------+----------------+
; Module Name               ; Machine Hostname    ; OS Name      ; OS Version   ; Processor type ;
+---------------------------+---------------------+--------------+--------------+----------------+
; Analysis & Synthesis      ; waltz.ee.ryerson.ca ; CentOS Linux ; CentOS Linux ; x86_64         ;
; Fitter                    ; waltz.ee.ryerson.ca ; CentOS Linux ; CentOS Linux ; x86_64         ;
; Assembler                 ; waltz.ee.ryerson.ca ; CentOS Linux ; CentOS Linux ; x86_64         ;
; TimeQuest Timing Analyzer ; waltz.ee.ryerson.ca ; CentOS Linux ; CentOS Linux ; x86_64         ;
; EDA Netlist Writer        ; waltz.ee.ryerson.ca ; CentOS Linux ; CentOS Linux ; x86_64         ;
; EDA Netlist Writer        ; cmp53.ee.ryerson.ca ; CentOS Linux ; CentOS Linux ; x86_64         ;
; EDA Netlist Writer        ; cmp53.ee.ryerson.ca ; CentOS Linux ; CentOS Linux ; x86_64         ;
; EDA Netlist Writer        ; cmp53.ee.ryerson.ca ; CentOS Linux ; CentOS Linux ; x86_64         ;
; EDA Netlist Writer        ; cmp53.ee.ryerson.ca ; CentOS Linux ; CentOS Linux ; x86_64         ;
; EDA Netlist Writer        ; cmp53.ee.ryerson.ca ; CentOS Linux ; CentOS Linux ; x86_64         ;
; EDA Netlist Writer        ; cmp53.ee.ryerson.ca ; CentOS Linux ; CentOS Linux ; x86_64         ;
; EDA Netlist Writer        ; cmp53.ee.ryerson.ca ; CentOS Linux ; CentOS Linux ; x86_64         ;
; EDA Netlist Writer        ; cmp53.ee.ryerson.ca ; CentOS Linux ; CentOS Linux ; x86_64         ;
; EDA Netlist Writer        ; cmp53.ee.ryerson.ca ; CentOS Linux ; CentOS Linux ; x86_64         ;
; EDA Netlist Writer        ; cmp53.ee.ryerson.ca ; CentOS Linux ; CentOS Linux ; x86_64         ;
; EDA Netlist Writer        ; cmp53.ee.ryerson.ca ; CentOS Linux ; CentOS Linux ; x86_64         ;
; EDA Netlist Writer        ; cmp53.ee.ryerson.ca ; CentOS Linux ; CentOS Linux ; x86_64         ;
; EDA Netlist Writer        ; cmp53.ee.ryerson.ca ; CentOS Linux ; CentOS Linux ; x86_64         ;
; EDA Netlist Writer        ; cmp53.ee.ryerson.ca ; CentOS Linux ; CentOS Linux ; x86_64         ;
; EDA Netlist Writer        ; cmp53.ee.ryerson.ca ; CentOS Linux ; CentOS Linux ; x86_64         ;
; EDA Netlist Writer        ; cmp53.ee.ryerson.ca ; CentOS Linux ; CentOS Linux ; x86_64         ;
; EDA Netlist Writer        ; cmp53.ee.ryerson.ca ; CentOS Linux ; CentOS Linux ; x86_64         ;
; EDA Netlist Writer        ; cmp53.ee.ryerson.ca ; CentOS Linux ; CentOS Linux ; x86_64         ;
; EDA Netlist Writer        ; cmp53.ee.ryerson.ca ; CentOS Linux ; CentOS Linux ; x86_64         ;
; EDA Netlist Writer        ; cmp53.ee.ryerson.ca ; CentOS Linux ; CentOS Linux ; x86_64         ;
; EDA Netlist Writer        ; cmp29.ee.ryerson.ca ; CentOS Linux ; CentOS Linux ; x86_64         ;
; EDA Netlist Writer        ; cmp29.ee.ryerson.ca ; CentOS Linux ; CentOS Linux ; x86_64         ;
; EDA Netlist Writer        ; cmp29.ee.ryerson.ca ; CentOS Linux ; CentOS Linux ; x86_64         ;
; EDA Netlist Writer        ; cmp29.ee.ryerson.ca ; CentOS Linux ; CentOS Linux ; x86_64         ;
; EDA Netlist Writer        ; cmp29.ee.ryerson.ca ; CentOS Linux ; CentOS Linux ; x86_64         ;
; EDA Netlist Writer        ; cmp29.ee.ryerson.ca ; CentOS Linux ; CentOS Linux ; x86_64         ;
; EDA Netlist Writer        ; cmp29.ee.ryerson.ca ; CentOS Linux ; CentOS Linux ; x86_64         ;
; EDA Netlist Writer        ; cmp29.ee.ryerson.ca ; CentOS Linux ; CentOS Linux ; x86_64         ;
; EDA Netlist Writer        ; cmp29.ee.ryerson.ca ; CentOS Linux ; CentOS Linux ; x86_64         ;
; EDA Netlist Writer        ; cmp29.ee.ryerson.ca ; CentOS Linux ; CentOS Linux ; x86_64         ;
; EDA Netlist Writer        ; cmp29.ee.ryerson.ca ; CentOS Linux ; CentOS Linux ; x86_64         ;
; EDA Netlist Writer        ; cmp29.ee.ryerson.ca ; CentOS Linux ; CentOS Linux ; x86_64         ;
; EDA Netlist Writer        ; cmp29.ee.ryerson.ca ; CentOS Linux ; CentOS Linux ; x86_64         ;
; EDA Netlist Writer        ; cmp29.ee.ryerson.ca ; CentOS Linux ; CentOS Linux ; x86_64         ;
; EDA Netlist Writer        ; cmp29.ee.ryerson.ca ; CentOS Linux ; CentOS Linux ; x86_64         ;
; EDA Netlist Writer        ; cmp29.ee.ryerson.ca ; CentOS Linux ; CentOS Linux ; x86_64         ;
; EDA Netlist Writer        ; cmp29.ee.ryerson.ca ; CentOS Linux ; CentOS Linux ; x86_64         ;
; EDA Netlist Writer        ; cmp29.ee.ryerson.ca ; CentOS Linux ; CentOS Linux ; x86_64         ;
; EDA Netlist Writer        ; cmp29.ee.ryerson.ca ; CentOS Linux ; CentOS Linux ; x86_64         ;
; EDA Netlist Writer        ; cmp29.ee.ryerson.ca ; CentOS Linux ; CentOS Linux ; x86_64         ;
; EDA Netlist Writer        ; cmp29.ee.ryerson.ca ; CentOS Linux ; CentOS Linux ; x86_64         ;
; EDA Netlist Writer        ; cmp29.ee.ryerson.ca ; CentOS Linux ; CentOS Linux ; x86_64         ;
; EDA Netlist Writer        ; cmp29.ee.ryerson.ca ; CentOS Linux ; CentOS Linux ; x86_64         ;
; EDA Netlist Writer        ; cmp29.ee.ryerson.ca ; CentOS Linux ; CentOS Linux ; x86_64         ;
; EDA Netlist Writer        ; cmp29.ee.ryerson.ca ; CentOS Linux ; CentOS Linux ; x86_64         ;
; EDA Netlist Writer        ; cmp29.ee.ryerson.ca ; CentOS Linux ; CentOS Linux ; x86_64         ;
; EDA Netlist Writer        ; cmp29.ee.ryerson.ca ; CentOS Linux ; CentOS Linux ; x86_64         ;
; EDA Netlist Writer        ; cmp29.ee.ryerson.ca ; CentOS Linux ; CentOS Linux ; x86_64         ;
; EDA Netlist Writer        ; cmp29.ee.ryerson.ca ; CentOS Linux ; CentOS Linux ; x86_64         ;
; EDA Netlist Writer        ; cmp29.ee.ryerson.ca ; CentOS Linux ; CentOS Linux ; x86_64         ;
; EDA Netlist Writer        ; cmp29.ee.ryerson.ca ; CentOS Linux ; CentOS Linux ; x86_64         ;
; EDA Netlist Writer        ; cmp29.ee.ryerson.ca ; CentOS Linux ; CentOS Linux ; x86_64         ;
; EDA Netlist Writer        ; cmp29.ee.ryerson.ca ; CentOS Linux ; CentOS Linux ; x86_64         ;
; EDA Netlist Writer        ; cmp29.ee.ryerson.ca ; CentOS Linux ; CentOS Linux ; x86_64         ;
; EDA Netlist Writer        ; cmp29.ee.ryerson.ca ; CentOS Linux ; CentOS Linux ; x86_64         ;
; EDA Netlist Writer        ; cmp29.ee.ryerson.ca ; CentOS Linux ; CentOS Linux ; x86_64         ;
; EDA Netlist Writer        ; cmp29.ee.ryerson.ca ; CentOS Linux ; CentOS Linux ; x86_64         ;
; EDA Netlist Writer        ; cmp29.ee.ryerson.ca ; CentOS Linux ; CentOS Linux ; x86_64         ;
; EDA Netlist Writer        ; cmp29.ee.ryerson.ca ; CentOS Linux ; CentOS Linux ; x86_64         ;
; EDA Netlist Writer        ; cmp29.ee.ryerson.ca ; CentOS Linux ; CentOS Linux ; x86_64         ;
; EDA Netlist Writer        ; cmp29.ee.ryerson.ca ; CentOS Linux ; CentOS Linux ; x86_64         ;
; EDA Netlist Writer        ; cmp29.ee.ryerson.ca ; CentOS Linux ; CentOS Linux ; x86_64         ;
+---------------------------+---------------------+--------------+--------------+----------------+


------------
; Flow Log ;
------------
quartus_map --read_settings_files=on --write_settings_files=off data_path -c data_path
quartus_fit --read_settings_files=off --write_settings_files=off data_path -c data_path
quartus_asm --read_settings_files=off --write_settings_files=off data_path -c data_path
quartus_sta data_path -c data_path
quartus_eda --read_settings_files=off --write_settings_files=off data_path -c data_path
quartus_eda --gen_testbench --check_outputs=on --tool=modelsim_oem --format=verilog data_path -c data_path --vector_source=/home/student2/jsma/Downloads/COE-608-Computer-Organization-and-Architecture-master/Lab4b/STA.vwf --testbench_file=/home/student2/jsma/Downloads/COE-608-Computer-Organization-and-Architecture-master/Lab4b/simulation/qsim/STA.vwf.vt
quartus_eda --functional=on --flatten_buses=off --simulation=on --tool=modelsim_oem --format=verilog --output_directory=/home/student2/jsma/Downloads/COE-608-Computer-Organization-and-Architecture-master/Lab4b/simulation/qsim/ data_path -c data_path
quartus_eda --gen_testbench --check_outputs=on --tool=modelsim_oem --format=verilog data_path -c data_path --vector_source=/home/student2/jsma/Downloads/COE-608-Computer-Organization-and-Architecture-master/Lab4b/STA.vwf --testbench_file=/home/student2/jsma/Downloads/COE-608-Computer-Organization-and-Architecture-master/Lab4b/simulation/qsim/STA.vwf.vt
quartus_eda --functional=on --flatten_buses=off --simulation=on --tool=modelsim_oem --format=verilog --output_directory=/home/student2/jsma/Downloads/COE-608-Computer-Organization-and-Architecture-master/Lab4b/simulation/qsim/ data_path -c data_path
quartus_eda --gen_testbench --check_outputs=on --tool=modelsim_oem --format=verilog data_path -c data_path --vector_source="/home/student2/jsma/COE 608/Lab4b/LDAI.vwf" --testbench_file="/home/student2/jsma/COE 608/Lab4b/simulation/qsim/LDAI.vwf.vt"
quartus_eda --functional=on --flatten_buses=off --simulation=on --tool=modelsim_oem --format=verilog --output_directory="/home/student2/jsma/COE 608/Lab4b/simulation/qsim/" data_path -c data_path
quartus_eda --gen_testbench --check_outputs=on --tool=modelsim_oem --format=verilog data_path -c data_path --vector_source="/home/student2/jsma/COE 608/Lab4b/LDAI.vwf" --testbench_file="/home/student2/jsma/COE 608/Lab4b/simulation/qsim/LDAI.vwf.vt"
quartus_eda --functional=on --flatten_buses=off --simulation=on --tool=modelsim_oem --format=verilog --output_directory="/home/student2/jsma/COE 608/Lab4b/simulation/qsim/" data_path -c data_path
quartus_eda --gen_testbench --check_outputs=on --tool=modelsim_oem --format=verilog data_path -c data_path --vector_source="/home/student2/jsma/COE 608/Lab4b/LDBI.vwf" --testbench_file="/home/student2/jsma/COE 608/Lab4b/simulation/qsim/LDBI.vwf.vt"
quartus_eda --functional=on --flatten_buses=off --simulation=on --tool=modelsim_oem --format=verilog --output_directory="/home/student2/jsma/COE 608/Lab4b/simulation/qsim/" data_path -c data_path
quartus_eda --gen_testbench --check_outputs=on --tool=modelsim_oem --format=verilog data_path -c data_path --vector_source="/home/student2/jsma/COE 608/Lab4b/STA.vwf" --testbench_file="/home/student2/jsma/COE 608/Lab4b/simulation/qsim/STA.vwf.vt"
quartus_eda --functional=on --flatten_buses=off --simulation=on --tool=modelsim_oem --format=verilog --output_directory="/home/student2/jsma/COE 608/Lab4b/simulation/qsim/" data_path -c data_path
quartus_eda --gen_testbench --check_outputs=on --tool=modelsim_oem --format=verilog data_path -c data_path --vector_source="/home/student2/jsma/COE 608/Lab4b/STB.vwf" --testbench_file="/home/student2/jsma/COE 608/Lab4b/simulation/qsim/STB.vwf.vt"
quartus_eda --functional=on --flatten_buses=off --simulation=on --tool=modelsim_oem --format=verilog --output_directory="/home/student2/jsma/COE 608/Lab4b/simulation/qsim/" data_path -c data_path
quartus_eda --gen_testbench --check_outputs=on --tool=modelsim_oem --format=verilog data_path -c data_path --vector_source="/home/student2/jsma/COE 608/Lab4b/STB.vwf" --testbench_file="/home/student2/jsma/COE 608/Lab4b/simulation/qsim/STB.vwf.vt"
quartus_eda --functional=on --flatten_buses=off --simulation=on --tool=modelsim_oem --format=verilog --output_directory="/home/student2/jsma/COE 608/Lab4b/simulation/qsim/" data_path -c data_path
quartus_eda --gen_testbench --check_outputs=on --tool=modelsim_oem --format=verilog data_path -c data_path --vector_source="/home/student2/jsma/COE 608/Lab4b/STB.vwf" --testbench_file="/home/student2/jsma/COE 608/Lab4b/simulation/qsim/STB.vwf.vt"
quartus_eda --functional=on --flatten_buses=off --simulation=on --tool=modelsim_oem --format=verilog --output_directory="/home/student2/jsma/COE 608/Lab4b/simulation/qsim/" data_path -c data_path
quartus_eda --gen_testbench --check_outputs=on --tool=modelsim_oem --format=verilog data_path -c data_path --vector_source="/home/student2/jsma/COE 608/Lab4b/STB.vwf" --testbench_file="/home/student2/jsma/COE 608/Lab4b/simulation/qsim/STB.vwf.vt"
quartus_eda --functional=on --flatten_buses=off --simulation=on --tool=modelsim_oem --format=verilog --output_directory="/home/student2/jsma/COE 608/Lab4b/simulation/qsim/" data_path -c data_path
quartus_eda --gen_testbench --check_outputs=on --tool=modelsim_oem --format=verilog data_path -c data_path --vector_source="/home/student2/jsma/COE 608/Lab4b/STA.vwf" --testbench_file="/home/student2/jsma/COE 608/Lab4b/simulation/qsim/STA.vwf.vt"
quartus_eda --functional=on --flatten_buses=off --simulation=on --tool=modelsim_oem --format=verilog --output_directory="/home/student2/jsma/COE 608/Lab4b/simulation/qsim/" data_path -c data_path
quartus_eda --gen_testbench --check_outputs=on --tool=modelsim_oem --format=verilog data_path -c data_path --vector_source="/home/student2/jsma/COE 608/Lab4b/STA.vwf" --testbench_file="/home/student2/jsma/COE 608/Lab4b/simulation/qsim/STA.vwf.vt"
quartus_eda --functional=on --flatten_buses=off --simulation=on --tool=modelsim_oem --format=verilog --output_directory="/home/student2/jsma/COE 608/Lab4b/simulation/qsim/" data_path -c data_path
quartus_eda --gen_testbench --check_outputs=on --tool=modelsim_oem --format=verilog data_path -c data_path --vector_source="/home/student2/jsma/COE 608/Lab4b/STA.vwf" --testbench_file="/home/student2/jsma/COE 608/Lab4b/simulation/qsim/STA.vwf.vt"
quartus_eda --functional=on --flatten_buses=off --simulation=on --tool=modelsim_oem --format=verilog --output_directory="/home/student2/jsma/COE 608/Lab4b/simulation/qsim/" data_path -c data_path
quartus_eda --gen_testbench --check_outputs=on --tool=modelsim_oem --format=verilog data_path -c data_path --vector_source="/home/student2/jsma/COE 608/Lab4b/STA.vwf" --testbench_file="/home/student2/jsma/COE 608/Lab4b/simulation/qsim/STA.vwf.vt"
quartus_eda --functional=on --flatten_buses=off --simulation=on --tool=modelsim_oem --format=verilog --output_directory="/home/student2/jsma/COE 608/Lab4b/simulation/qsim/" data_path -c data_path
quartus_eda --gen_testbench --check_outputs=on --tool=modelsim_oem --format=verilog data_path -c data_path --vector_source="/home/student2/jsma/COE 608/Lab4b/LDA.vwf" --testbench_file="/home/student2/jsma/COE 608/Lab4b/simulation/qsim/LDA.vwf.vt"
quartus_eda --functional=on --flatten_buses=off --simulation=on --tool=modelsim_oem --format=verilog --output_directory="/home/student2/jsma/COE 608/Lab4b/simulation/qsim/" data_path -c data_path
quartus_eda --gen_testbench --check_outputs=on --tool=modelsim_oem --format=verilog data_path -c data_path --vector_source="/home/student2/jsma/COE 608/Lab4b/LDA.vwf" --testbench_file="/home/student2/jsma/COE 608/Lab4b/simulation/qsim/LDA.vwf.vt"
quartus_eda --functional=on --flatten_buses=off --simulation=on --tool=modelsim_oem --format=verilog --output_directory="/home/student2/jsma/COE 608/Lab4b/simulation/qsim/" data_path -c data_path
quartus_eda --gen_testbench --check_outputs=on --tool=modelsim_oem --format=verilog data_path -c data_path --vector_source="/home/student2/jsma/COE 608/Lab4b/LDB.vwf" --testbench_file="/home/student2/jsma/COE 608/Lab4b/simulation/qsim/LDB.vwf.vt"
quartus_eda --functional=on --flatten_buses=off --simulation=on --tool=modelsim_oem --format=verilog --output_directory="/home/student2/jsma/COE 608/Lab4b/simulation/qsim/" data_path -c data_path
quartus_eda --gen_testbench --check_outputs=on --tool=modelsim_oem --format=verilog data_path -c data_path --vector_source="/home/student2/jsma/COE 608/Lab4b/LUI.vwf" --testbench_file="/home/student2/jsma/COE 608/Lab4b/simulation/qsim/LUI.vwf.vt"
quartus_eda --functional=on --flatten_buses=off --simulation=on --tool=modelsim_oem --format=verilog --output_directory="/home/student2/jsma/COE 608/Lab4b/simulation/qsim/" data_path -c data_path
quartus_eda --gen_testbench --check_outputs=on --tool=modelsim_oem --format=verilog data_path -c data_path --vector_source="/home/student2/jsma/COE 608/Lab4b/LUI.vwf" --testbench_file="/home/student2/jsma/COE 608/Lab4b/simulation/qsim/LUI.vwf.vt"
quartus_eda --functional=on --flatten_buses=off --simulation=on --tool=modelsim_oem --format=verilog --output_directory="/home/student2/jsma/COE 608/Lab4b/simulation/qsim/" data_path -c data_path
quartus_eda --gen_testbench --check_outputs=on --tool=modelsim_oem --format=verilog data_path -c data_path --vector_source="/home/student2/jsma/COE 608/Lab4b/JMP.vwf" --testbench_file="/home/student2/jsma/COE 608/Lab4b/simulation/qsim/JMP.vwf.vt"
quartus_eda --functional=on --flatten_buses=off --simulation=on --tool=modelsim_oem --format=verilog --output_directory="/home/student2/jsma/COE 608/Lab4b/simulation/qsim/" data_path -c data_path
quartus_eda --gen_testbench --check_outputs=on --tool=modelsim_oem --format=verilog data_path -c data_path --vector_source="/home/student2/jsma/COE 608/Lab4b/ANDI.vwf" --testbench_file="/home/student2/jsma/COE 608/Lab4b/simulation/qsim/ANDI.vwf.vt"
quartus_eda --functional=on --flatten_buses=off --simulation=on --tool=modelsim_oem --format=verilog --output_directory="/home/student2/jsma/COE 608/Lab4b/simulation/qsim/" data_path -c data_path
quartus_eda --gen_testbench --check_outputs=on --tool=modelsim_oem --format=verilog data_path -c data_path --vector_source="/home/student2/jsma/COE 608/Lab4b/ADDI.vwf" --testbench_file="/home/student2/jsma/COE 608/Lab4b/simulation/qsim/ADDI.vwf.vt"
quartus_eda --functional=on --flatten_buses=off --simulation=on --tool=modelsim_oem --format=verilog --output_directory="/home/student2/jsma/COE 608/Lab4b/simulation/qsim/" data_path -c data_path
quartus_eda --gen_testbench --check_outputs=on --tool=modelsim_oem --format=verilog data_path -c data_path --vector_source="/home/student2/jsma/COE 608/Lab4b/ORI.vwf" --testbench_file="/home/student2/jsma/COE 608/Lab4b/simulation/qsim/ORI.vwf.vt"
quartus_eda --functional=on --flatten_buses=off --simulation=on --tool=modelsim_oem --format=verilog --output_directory="/home/student2/jsma/COE 608/Lab4b/simulation/qsim/" data_path -c data_path
quartus_eda --gen_testbench --check_outputs=on --tool=modelsim_oem --format=verilog data_path -c data_path --vector_source="/home/student2/jsma/COE 608/Lab4b/ADD.vwf" --testbench_file="/home/student2/jsma/COE 608/Lab4b/simulation/qsim/ADD.vwf.vt"
quartus_eda --functional=on --flatten_buses=off --simulation=on --tool=modelsim_oem --format=verilog --output_directory="/home/student2/jsma/COE 608/Lab4b/simulation/qsim/" data_path -c data_path
quartus_eda --gen_testbench --check_outputs=on --tool=modelsim_oem --format=verilog data_path -c data_path --vector_source="/home/student2/jsma/COE 608/Lab4b/SUB.vwf" --testbench_file="/home/student2/jsma/COE 608/Lab4b/simulation/qsim/SUB.vwf.vt"
quartus_eda --functional=on --flatten_buses=off --simulation=on --tool=modelsim_oem --format=verilog --output_directory="/home/student2/jsma/COE 608/Lab4b/simulation/qsim/" data_path -c data_path
quartus_eda --gen_testbench --check_outputs=on --tool=modelsim_oem --format=verilog data_path -c data_path --vector_source="/home/student2/jsma/COE 608/Lab4b/DECA.vwf" --testbench_file="/home/student2/jsma/COE 608/Lab4b/simulation/qsim/DECA.vwf.vt"
quartus_eda --functional=on --flatten_buses=off --simulation=on --tool=modelsim_oem --format=verilog --output_directory="/home/student2/jsma/COE 608/Lab4b/simulation/qsim/" data_path -c data_path
quartus_eda --gen_testbench --check_outputs=on --tool=modelsim_oem --format=verilog data_path -c data_path --vector_source="/home/student2/jsma/COE 608/Lab4b/INCA.vwf" --testbench_file="/home/student2/jsma/COE 608/Lab4b/simulation/qsim/INCA.vwf.vt"
quartus_eda --functional=on --flatten_buses=off --simulation=on --tool=modelsim_oem --format=verilog --output_directory="/home/student2/jsma/COE 608/Lab4b/simulation/qsim/" data_path -c data_path
quartus_eda --gen_testbench --check_outputs=on --tool=modelsim_oem --format=verilog data_path -c data_path --vector_source="/home/student2/jsma/COE 608/Lab4b/ROL.vwf" --testbench_file="/home/student2/jsma/COE 608/Lab4b/simulation/qsim/ROL.vwf.vt"
quartus_eda --functional=on --flatten_buses=off --simulation=on --tool=modelsim_oem --format=verilog --output_directory="/home/student2/jsma/COE 608/Lab4b/simulation/qsim/" data_path -c data_path
quartus_eda --gen_testbench --check_outputs=on --tool=modelsim_oem --format=verilog data_path -c data_path --vector_source="/home/student2/jsma/COE 608/Lab4b/ROR.vwf" --testbench_file="/home/student2/jsma/COE 608/Lab4b/simulation/qsim/ROR.vwf.vt"
quartus_eda --functional=on --flatten_buses=off --simulation=on --tool=modelsim_oem --format=verilog --output_directory="/home/student2/jsma/COE 608/Lab4b/simulation/qsim/" data_path -c data_path
quartus_eda --gen_testbench --check_outputs=on --tool=modelsim_oem --format=verilog data_path -c data_path --vector_source="/home/student2/jsma/COE 608/Lab4b/CLRA.vwf" --testbench_file="/home/student2/jsma/COE 608/Lab4b/simulation/qsim/CLRA.vwf.vt"
quartus_eda --functional=on --flatten_buses=off --simulation=on --tool=modelsim_oem --format=verilog --output_directory="/home/student2/jsma/COE 608/Lab4b/simulation/qsim/" data_path -c data_path
quartus_eda --gen_testbench --check_outputs=on --tool=modelsim_oem --format=verilog data_path -c data_path --vector_source="/home/student2/jsma/COE 608/Lab4b/CLRB.vwf" --testbench_file="/home/student2/jsma/COE 608/Lab4b/simulation/qsim/CLRB.vwf.vt"
quartus_eda --functional=on --flatten_buses=off --simulation=on --tool=modelsim_oem --format=verilog --output_directory="/home/student2/jsma/COE 608/Lab4b/simulation/qsim/" data_path -c data_path



