Analysis & Synthesis report for ControlUnit
Wed Mar 15 15:58:58 2023
Quartus II 64-Bit Version 14.0.2 Build 209 09/17/2014 SJ Full Version


---------------------
; Table of Contents ;
---------------------
  1. Legal Notice
  2. Analysis & Synthesis Summary
  3. Analysis & Synthesis Settings
  4. Parallel Compilation
  5. Analysis & Synthesis Source Files Read
  6. Analysis & Synthesis Resource Usage Summary
  7. Analysis & Synthesis Resource Utilization by Entity
  8. State Machine - |Control|present_state
  9. User-Specified and Inferred Latches
 10. General Register Statistics
 11. Multiplexer Restructuring Statistics (Restructuring Performed)
 12. Post-Synthesis Netlist Statistics for Top Partition
 13. Elapsed Time Per Partition
 14. Analysis & Synthesis Messages



----------------
; Legal Notice ;
----------------
Copyright (C) 1991-2014 Altera Corporation. All rights reserved.
Your use of Altera Corporation's design tools, logic functions 
and other software and tools, and its AMPP partner logic 
functions, and any output files from any of the foregoing 
(including device programming or simulation files), and any 
associated documentation or information are expressly subject 
to the terms and conditions of the Altera Program License 
Subscription Agreement, the Altera Quartus II License Agreement,
the Altera MegaCore Function License Agreement, or other 
applicable license agreement, including, without limitation, 
that your use is for the sole purpose of programming logic 
devices manufactured by Altera and sold by Altera or its 
authorized distributors.  Please refer to the applicable 
agreement for further details.



+----------------------------------------------------------------------------------+
; Analysis & Synthesis Summary                                                     ;
+------------------------------------+---------------------------------------------+
; Analysis & Synthesis Status        ; Successful - Wed Mar 15 15:58:57 2023       ;
; Quartus II 64-Bit Version          ; 14.0.2 Build 209 09/17/2014 SJ Full Version ;
; Revision Name                      ; ControlUnit                                 ;
; Top-level Entity Name              ; Control                                     ;
; Family                             ; Cyclone IV E                                ;
; Total logic elements               ; 115                                         ;
;     Total combinational functions  ; 114                                         ;
;     Dedicated logic registers      ; 3                                           ;
; Total registers                    ; 3                                           ;
; Total pins                         ; 65                                          ;
; Total virtual pins                 ; 0                                           ;
; Total memory bits                  ; 0                                           ;
; Embedded Multiplier 9-bit elements ; 0                                           ;
; Total PLLs                         ; 0                                           ;
+------------------------------------+---------------------------------------------+


+----------------------------------------------------------------------------------------------------------------------+
; Analysis & Synthesis Settings                                                                                        ;
+----------------------------------------------------------------------------+--------------------+--------------------+
; Option                                                                     ; Setting            ; Default Value      ;
+----------------------------------------------------------------------------+--------------------+--------------------+
; Device                                                                     ; EP4CE115F29C7      ;                    ;
; Top-level entity name                                                      ; Control            ; ControlUnit        ;
; Family name                                                                ; Cyclone IV E       ; Cyclone IV GX      ;
; Use smart compilation                                                      ; Off                ; Off                ;
; Enable parallel Assembler and TimeQuest Timing Analyzer during compilation ; On                 ; On                 ;
; Enable compact report table                                                ; Off                ; Off                ;
; Restructure Multiplexers                                                   ; Auto               ; Auto               ;
; Create Debugging Nodes for IP Cores                                        ; Off                ; Off                ;
; Preserve fewer node names                                                  ; On                 ; On                 ;
; Disable OpenCore Plus hardware evaluation                                  ; Off                ; Off                ;
; Verilog Version                                                            ; Verilog_2001       ; Verilog_2001       ;
; VHDL Version                                                               ; VHDL_1993          ; VHDL_1993          ;
; State Machine Processing                                                   ; Auto               ; Auto               ;
; Safe State Machine                                                         ; Off                ; Off                ;
; Extract Verilog State Machines                                             ; On                 ; On                 ;
; Extract VHDL State Machines                                                ; On                 ; On                 ;
; Ignore Verilog initial constructs                                          ; Off                ; Off                ;
; Iteration limit for constant Verilog loops                                 ; 5000               ; 5000               ;
; Iteration limit for non-constant Verilog loops                             ; 250                ; 250                ;
; Add Pass-Through Logic to Inferred RAMs                                    ; On                 ; On                 ;
; Infer RAMs from Raw Logic                                                  ; On                 ; On                 ;
; Parallel Synthesis                                                         ; On                 ; On                 ;
; DSP Block Balancing                                                        ; Auto               ; Auto               ;
; NOT Gate Push-Back                                                         ; On                 ; On                 ;
; Power-Up Don't Care                                                        ; On                 ; On                 ;
; Remove Redundant Logic Cells                                               ; Off                ; Off                ;
; Remove Duplicate Registers                                                 ; On                 ; On                 ;
; Ignore CARRY Buffers                                                       ; Off                ; Off                ;
; Ignore CASCADE Buffers                                                     ; Off                ; Off                ;
; Ignore GLOBAL Buffers                                                      ; Off                ; Off                ;
; Ignore ROW GLOBAL Buffers                                                  ; Off                ; Off                ;
; Ignore LCELL Buffers                                                       ; Off                ; Off                ;
; Ignore SOFT Buffers                                                        ; On                 ; On                 ;
; Limit AHDL Integers to 32 Bits                                             ; Off                ; Off                ;
; Optimization Technique                                                     ; Balanced           ; Balanced           ;
; Carry Chain Length                                                         ; 70                 ; 70                 ;
; Auto Carry Chains                                                          ; On                 ; On                 ;
; Auto Open-Drain Pins                                                       ; On                 ; On                 ;
; Perform WYSIWYG Primitive Resynthesis                                      ; Off                ; Off                ;
; Auto ROM Replacement                                                       ; On                 ; On                 ;
; Auto RAM Replacement                                                       ; On                 ; On                 ;
; Auto DSP Block Replacement                                                 ; On                 ; On                 ;
; Auto Shift Register Replacement                                            ; Auto               ; Auto               ;
; Allow Shift Register Merging across Hierarchies                            ; Auto               ; Auto               ;
; Auto Clock Enable Replacement                                              ; On                 ; On                 ;
; Strict RAM Replacement                                                     ; Off                ; Off                ;
; Allow Synchronous Control Signals                                          ; On                 ; On                 ;
; Force Use of Synchronous Clear Signals                                     ; Off                ; Off                ;
; Auto RAM Block Balancing                                                   ; On                 ; On                 ;
; Auto RAM to Logic Cell Conversion                                          ; Off                ; Off                ;
; Auto Resource Sharing                                                      ; Off                ; Off                ;
; Allow Any RAM Size For Recognition                                         ; Off                ; Off                ;
; Allow Any ROM Size For Recognition                                         ; Off                ; Off                ;
; Allow Any Shift Register Size For Recognition                              ; Off                ; Off                ;
; Use LogicLock Constraints during Resource Balancing                        ; On                 ; On                 ;
; Ignore translate_off and synthesis_off directives                          ; Off                ; Off                ;
; Timing-Driven Synthesis                                                    ; On                 ; On                 ;
; Report Parameter Settings                                                  ; On                 ; On                 ;
; Report Source Assignments                                                  ; On                 ; On                 ;
; Report Connectivity Checks                                                 ; On                 ; On                 ;
; Ignore Maximum Fan-Out Assignments                                         ; Off                ; Off                ;
; Synchronization Register Chain Length                                      ; 2                  ; 2                  ;
; PowerPlay Power Optimization                                               ; Normal compilation ; Normal compilation ;
; HDL message level                                                          ; Level2             ; Level2             ;
; Suppress Register Optimization Related Messages                            ; Off                ; Off                ;
; Number of Removed Registers Reported in Synthesis Report                   ; 5000               ; 5000               ;
; Number of Swept Nodes Reported in Synthesis Report                         ; 5000               ; 5000               ;
; Number of Inverted Registers Reported in Synthesis Report                  ; 100                ; 100                ;
; Clock MUX Protection                                                       ; On                 ; On                 ;
; Auto Gated Clock Conversion                                                ; Off                ; Off                ;
; Block Design Naming                                                        ; Auto               ; Auto               ;
; SDC constraint protection                                                  ; Off                ; Off                ;
; Synthesis Effort                                                           ; Auto               ; Auto               ;
; Shift Register Replacement - Allow Asynchronous Clear Signal               ; On                 ; On                 ;
; Pre-Mapping Resynthesis Optimization                                       ; Off                ; Off                ;
; Analysis & Synthesis Message Level                                         ; Medium             ; Medium             ;
; Disable Register Merging Across Hierarchies                                ; Auto               ; Auto               ;
; Resource Aware Inference For Block RAM                                     ; On                 ; On                 ;
; Synthesis Seed                                                             ; 1                  ; 1                  ;
+----------------------------------------------------------------------------+--------------------+--------------------+


+------------------------------------------+
; Parallel Compilation                     ;
+----------------------------+-------------+
; Processors                 ; Number      ;
+----------------------------+-------------+
; Number detected on machine ; 8           ;
; Maximum allowed            ; 4           ;
;                            ;             ;
; Average used               ; 1.00        ;
; Maximum used               ; 1           ;
;                            ;             ;
; Usage by Processor         ; % Time Used ;
;     Processor 1            ; 100.0%      ;
;     Processors 2-8         ;   0.0%      ;
+----------------------------+-------------+


+-------------------------------------------------------------------------------------------------------------------------------+
; Analysis & Synthesis Source Files Read                                                                                        ;
+----------------------------------+-----------------+-----------------+----------------------------------------------+---------+
; File Name with User-Entered Path ; Used in Netlist ; File Type       ; File Name with Absolute Path                 ; Library ;
+----------------------------------+-----------------+-----------------+----------------------------------------------+---------+
; Control.vhd                      ; yes             ; User VHDL File  ; /home/student2/jsma/COE 608/Lab5/Control.vhd ;         ;
+----------------------------------+-----------------+-----------------+----------------------------------------------+---------+


+--------------------------------------------------------------+
; Analysis & Synthesis Resource Usage Summary                  ;
+---------------------------------------------+----------------+
; Resource                                    ; Usage          ;
+---------------------------------------------+----------------+
; Estimated Total logic elements              ; 115            ;
;                                             ;                ;
; Total combinational functions               ; 114            ;
; Logic element usage by number of LUT inputs ;                ;
;     -- 4 input functions                    ; 61             ;
;     -- 3 input functions                    ; 40             ;
;     -- <=2 input functions                  ; 13             ;
;                                             ;                ;
; Logic elements by mode                      ;                ;
;     -- normal mode                          ; 114            ;
;     -- arithmetic mode                      ; 0              ;
;                                             ;                ;
; Total registers                             ; 3              ;
;     -- Dedicated logic registers            ; 3              ;
;     -- I/O registers                        ; 0              ;
;                                             ;                ;
; I/O pins                                    ; 65             ;
; Embedded Multiplier 9-bit elements          ; 0              ;
; Maximum fan-out node                        ; INST[29]~input ;
; Maximum fan-out                             ; 25             ;
; Total fan-out                               ; 489            ;
; Average fan-out                             ; 1.98           ;
+---------------------------------------------+----------------+


+-----------------------------------------------------------------------------------------------------------------------------------------------------------------------------+
; Analysis & Synthesis Resource Utilization by Entity                                                                                                                         ;
+----------------------------+-------------------+--------------+-------------+--------------+---------+-----------+------+--------------+---------------------+--------------+
; Compilation Hierarchy Node ; LC Combinationals ; LC Registers ; Memory Bits ; DSP Elements ; DSP 9x9 ; DSP 18x18 ; Pins ; Virtual Pins ; Full Hierarchy Name ; Library Name ;
+----------------------------+-------------------+--------------+-------------+--------------+---------+-----------+------+--------------+---------------------+--------------+
; |Control                   ; 114 (114)         ; 3 (3)        ; 0           ; 0            ; 0       ; 0         ; 65   ; 0            ; |Control            ; work         ;
+----------------------------+-------------------+--------------+-------------+--------------+---------+-----------+------+--------------+---------------------+--------------+
Note: For table entries with two numbers listed, the numbers in parentheses indicate the number of resources of the given type used by the specific entity alone. The numbers listed outside of parentheses indicate the total resources of the given type used by the specific entity and all of its sub-entities in the hierarchy.


Encoding Type:  One-Hot
+-----------------------------------------------------------------------------------------------+
; State Machine - |Control|present_state                                                        ;
+-----------------------+-----------------------+-----------------------+-----------------------+
; Name                  ; present_state.state_2 ; present_state.state_1 ; present_state.state_0 ;
+-----------------------+-----------------------+-----------------------+-----------------------+
; present_state.state_0 ; 0                     ; 0                     ; 0                     ;
; present_state.state_1 ; 0                     ; 1                     ; 1                     ;
; present_state.state_2 ; 1                     ; 0                     ; 1                     ;
+-----------------------+-----------------------+-----------------------+-----------------------+


+----------------------------------------------------------------------------------------------------+
; User-Specified and Inferred Latches                                                                ;
+-----------------------------------------------------+---------------------+------------------------+
; Latch Name                                          ; Latch Enable Signal ; Free of Timing Hazards ;
+-----------------------------------------------------+---------------------+------------------------+
; A_Mux$latch                                         ; A_Mux               ; yes                    ;
; B_Mux$latch                                         ; B_Mux               ; yes                    ;
; IM_MUX1$latch                                       ; IM_MUX1             ; yes                    ;
; REG_Mux$latch                                       ; REG_Mux             ; yes                    ;
; IM_MUX2[0]$latch                                    ; IM_MUX2[1]          ; yes                    ;
; IM_MUX2[1]$latch                                    ; IM_MUX2[1]          ; yes                    ;
; DATA_Mux[0]$latch                                   ; DATA_Mux[1]         ; yes                    ;
; DATA_Mux[1]$latch                                   ; DATA_Mux[1]         ; yes                    ;
; ALU_op[0]$latch                                     ; IM_MUX1             ; yes                    ;
; ALU_op[1]$latch                                     ; IM_MUX1             ; yes                    ;
; ALU_op[2]$latch                                     ; IM_MUX1             ; yes                    ;
; inc_PC$latch                                        ; inc_PC              ; yes                    ;
; ld_PC$latch                                         ; inc_PC              ; yes                    ;
; ld_IR$latch                                         ; inc_PC              ; yes                    ;
; clr_A$latch                                         ; inc_PC              ; yes                    ;
; clr_B$latch                                         ; inc_PC              ; yes                    ;
; clr_C$latch                                         ; inc_PC              ; yes                    ;
; clr_Z$latch                                         ; inc_PC              ; yes                    ;
; ld_A$latch                                          ; inc_PC              ; yes                    ;
; ld_B$latch                                          ; inc_PC              ; yes                    ;
; ld_C$latch                                          ; inc_PC              ; yes                    ;
; ld_Z$latch                                          ; inc_PC              ; yes                    ;
; wen$latch                                           ; wen                 ; yes                    ;
; en$latch                                            ; wen                 ; yes                    ;
; Number of user-specified and inferred latches = 24  ;                     ;                        ;
+-----------------------------------------------------+---------------------+------------------------+
Note: All latches listed above may not be present at the end of synthesis due to various synthesis optimizations.


+------------------------------------------------------+
; General Register Statistics                          ;
+----------------------------------------------+-------+
; Statistic                                    ; Value ;
+----------------------------------------------+-------+
; Total registers                              ; 3     ;
; Number of registers using Synchronous Clear  ; 0     ;
; Number of registers using Synchronous Load   ; 0     ;
; Number of registers using Asynchronous Clear ; 3     ;
; Number of registers using Asynchronous Load  ; 0     ;
; Number of registers using Clock Enable       ; 0     ;
; Number of registers using Preset             ; 0     ;
+----------------------------------------------+-------+


+------------------------------------------------------------------------------------------------------------------------------------------+
; Multiplexer Restructuring Statistics (Restructuring Performed)                                                                           ;
+--------------------+-----------+---------------+----------------------+------------------------+------------+----------------------------+
; Multiplexer Inputs ; Bus Width ; Baseline Area ; Area if Restructured ; Saving if Restructured ; Registered ; Example Multiplexer Output ;
+--------------------+-----------+---------------+----------------------+------------------------+------------+----------------------------+
; 3:1                ; 5 bits    ; 10 LEs        ; 5 LEs                ; 5 LEs                  ; No         ; |Control|DATA_Mux[1]       ;
; 6:1                ; 2 bits    ; 8 LEs         ; 4 LEs                ; 4 LEs                  ; No         ; |Control|inc_PC            ;
+--------------------+-----------+---------------+----------------------+------------------------+------------+----------------------------+


+-----------------------------------------------------+
; Post-Synthesis Netlist Statistics for Top Partition ;
+-----------------------+-----------------------------+
; Type                  ; Count                       ;
+-----------------------+-----------------------------+
; boundary_port         ; 65                          ;
; cycloneiii_ff         ; 3                           ;
;     CLR               ; 3                           ;
; cycloneiii_lcell_comb ; 116                         ;
;     normal            ; 116                         ;
;         0 data inputs ; 1                           ;
;         1 data inputs ; 3                           ;
;         2 data inputs ; 11                          ;
;         3 data inputs ; 40                          ;
;         4 data inputs ; 61                          ;
;                       ;                             ;
; Max LUT depth         ; 7.00                        ;
; Average LUT depth     ; 4.17                        ;
+-----------------------+-----------------------------+


+-------------------------------+
; Elapsed Time Per Partition    ;
+----------------+--------------+
; Partition Name ; Elapsed Time ;
+----------------+--------------+
; Top            ; 00:00:00     ;
+----------------+--------------+


+-------------------------------+
; Analysis & Synthesis Messages ;
+-------------------------------+
Info: *******************************************************************
Info: Running Quartus II 64-Bit Analysis & Synthesis
    Info: Version 14.0.2 Build 209 09/17/2014 SJ Full Version
    Info: Processing started: Wed Mar 15 15:58:51 2023
Info: Command: quartus_map --read_settings_files=on --write_settings_files=off ControlUnit -c ControlUnit
Info (11104): Parallel Compilation has detected 8 hyper-threaded processors. However, the extra hyper-threaded processors will not be used by default. Parallel Compilation will use 4 of the 4 physical processors detected instead.
Info (12021): Found 2 design units, including 1 entities, in source file mux2to1.vhd
    Info (12022): Found design unit 1: mux2to1-Behavior
    Info (12023): Found entity 1: mux2to1
Info (12021): Found 2 design units, including 1 entities, in source file register32.vhd
    Info (12022): Found design unit 1: register32-Behavior
    Info (12023): Found entity 1: register32
Info (12021): Found 2 design units, including 1 entities, in source file mux4to1.vhd
    Info (12022): Found design unit 1: mux4to1-Behavior
    Info (12023): Found entity 1: mux4to1
Info (12021): Found 2 design units, including 1 entities, in source file UZE.vhd
    Info (12022): Found design unit 1: UZE-Behavior
    Info (12023): Found entity 1: UZE
Info (12021): Found 2 design units, including 1 entities, in source file data_path.vhd
    Info (12022): Found design unit 1: data_path-Behavior
    Info (12023): Found entity 1: data_path
Info (12021): Found 2 design units, including 1 entities, in source file add.vhd
    Info (12022): Found design unit 1: add-Behavior
    Info (12023): Found entity 1: add
Info (12021): Found 2 design units, including 1 entities, in source file LZE.vhd
    Info (12022): Found design unit 1: LZE-Behavior
    Info (12023): Found entity 1: LZE
Info (12021): Found 2 design units, including 1 entities, in source file ALU.vhd
    Info (12022): Found design unit 1: ALU-Behaviour
    Info (12023): Found entity 1: ALU
Info (12021): Found 2 design units, including 1 entities, in source file fulladd.vhd
    Info (12022): Found design unit 1: fulladd-Behavior
    Info (12023): Found entity 1: fulladd
Info (12021): Found 2 design units, including 1 entities, in source file adder4.vhd
    Info (12022): Found design unit 1: adder4-Behaviour
    Info (12023): Found entity 1: adder4
Info (12021): Found 2 design units, including 1 entities, in source file adder16.vhd
    Info (12022): Found design unit 1: adder16-Behaviour
    Info (12023): Found entity 1: adder16
Info (12021): Found 2 design units, including 1 entities, in source file PC.vhd
    Info (12022): Found design unit 1: PC-Behavior
    Info (12023): Found entity 1: PC
Info (12021): Found 2 design units, including 1 entities, in source file RED.vhd
    Info (12022): Found design unit 1: RED-Behavior
    Info (12023): Found entity 1: RED
Info (12021): Found 2 design units, including 1 entities, in source file data_mem.vhd
    Info (12022): Found design unit 1: data_mem-Behavior
    Info (12023): Found entity 1: data_mem
Info (12021): Found 2 design units, including 1 entities, in source file adder32.vhd
    Info (12022): Found design unit 1: adder32-Behaviour
    Info (12023): Found entity 1: adder32
Info (12021): Found 2 design units, including 1 entities, in source file Control.vhd
    Info (12022): Found design unit 1: Control-description
    Info (12023): Found entity 1: Control
Info (12127): Elaborating entity "Control" for the top level hierarchy
Warning (10631): VHDL Process Statement warning at Control.vhd(37): inferring latch(es) for signal or variable "DATA_Mux", which holds its previous value in one or more paths through the process
Warning (10631): VHDL Process Statement warning at Control.vhd(37): inferring latch(es) for signal or variable "clr_IR", which holds its previous value in one or more paths through the process
Warning (10631): VHDL Process Statement warning at Control.vhd(37): inferring latch(es) for signal or variable "ld_IR", which holds its previous value in one or more paths through the process
Warning (10631): VHDL Process Statement warning at Control.vhd(37): inferring latch(es) for signal or variable "ld_PC", which holds its previous value in one or more paths through the process
Warning (10631): VHDL Process Statement warning at Control.vhd(37): inferring latch(es) for signal or variable "inc_PC", which holds its previous value in one or more paths through the process
Warning (10631): VHDL Process Statement warning at Control.vhd(37): inferring latch(es) for signal or variable "clr_A", which holds its previous value in one or more paths through the process
Warning (10631): VHDL Process Statement warning at Control.vhd(37): inferring latch(es) for signal or variable "ld_A", which holds its previous value in one or more paths through the process
Warning (10631): VHDL Process Statement warning at Control.vhd(37): inferring latch(es) for signal or variable "ld_B", which holds its previous value in one or more paths through the process
Warning (10631): VHDL Process Statement warning at Control.vhd(37): inferring latch(es) for signal or variable "clr_B", which holds its previous value in one or more paths through the process
Warning (10631): VHDL Process Statement warning at Control.vhd(37): inferring latch(es) for signal or variable "clr_C", which holds its previous value in one or more paths through the process
Warning (10631): VHDL Process Statement warning at Control.vhd(37): inferring latch(es) for signal or variable "ld_C", which holds its previous value in one or more paths through the process
Warning (10631): VHDL Process Statement warning at Control.vhd(37): inferring latch(es) for signal or variable "clr_Z", which holds its previous value in one or more paths through the process
Warning (10631): VHDL Process Statement warning at Control.vhd(37): inferring latch(es) for signal or variable "ld_Z", which holds its previous value in one or more paths through the process
Warning (10631): VHDL Process Statement warning at Control.vhd(37): inferring latch(es) for signal or variable "en", which holds its previous value in one or more paths through the process
Warning (10631): VHDL Process Statement warning at Control.vhd(37): inferring latch(es) for signal or variable "wen", which holds its previous value in one or more paths through the process
Warning (10631): VHDL Process Statement warning at Control.vhd(37): inferring latch(es) for signal or variable "REG_Mux", which holds its previous value in one or more paths through the process
Warning (10631): VHDL Process Statement warning at Control.vhd(37): inferring latch(es) for signal or variable "A_Mux", which holds its previous value in one or more paths through the process
Warning (10631): VHDL Process Statement warning at Control.vhd(37): inferring latch(es) for signal or variable "B_Mux", which holds its previous value in one or more paths through the process
Warning (10631): VHDL Process Statement warning at Control.vhd(37): inferring latch(es) for signal or variable "ALU_op", which holds its previous value in one or more paths through the process
Warning (10631): VHDL Process Statement warning at Control.vhd(37): inferring latch(es) for signal or variable "IM_MUX1", which holds its previous value in one or more paths through the process
Warning (10631): VHDL Process Statement warning at Control.vhd(37): inferring latch(es) for signal or variable "IM_MUX2", which holds its previous value in one or more paths through the process
Info (10041): Inferred latch for "IM_MUX2[0]" at Control.vhd(37)
Info (10041): Inferred latch for "IM_MUX2[1]" at Control.vhd(37)
Info (10041): Inferred latch for "IM_MUX1" at Control.vhd(37)
Info (10041): Inferred latch for "ALU_op[0]" at Control.vhd(37)
Info (10041): Inferred latch for "ALU_op[1]" at Control.vhd(37)
Info (10041): Inferred latch for "ALU_op[2]" at Control.vhd(37)
Info (10041): Inferred latch for "B_Mux" at Control.vhd(37)
Info (10041): Inferred latch for "A_Mux" at Control.vhd(37)
Info (10041): Inferred latch for "REG_Mux" at Control.vhd(37)
Info (10041): Inferred latch for "wen" at Control.vhd(37)
Info (10041): Inferred latch for "en" at Control.vhd(37)
Info (10041): Inferred latch for "ld_Z" at Control.vhd(37)
Info (10041): Inferred latch for "clr_Z" at Control.vhd(37)
Info (10041): Inferred latch for "ld_C" at Control.vhd(37)
Info (10041): Inferred latch for "clr_C" at Control.vhd(37)
Info (10041): Inferred latch for "clr_B" at Control.vhd(37)
Info (10041): Inferred latch for "ld_B" at Control.vhd(37)
Info (10041): Inferred latch for "ld_A" at Control.vhd(37)
Info (10041): Inferred latch for "clr_A" at Control.vhd(37)
Info (10041): Inferred latch for "inc_PC" at Control.vhd(37)
Info (10041): Inferred latch for "ld_PC" at Control.vhd(37)
Info (10041): Inferred latch for "ld_IR" at Control.vhd(37)
Info (10041): Inferred latch for "clr_IR" at Control.vhd(37)
Info (10041): Inferred latch for "DATA_Mux[0]" at Control.vhd(37)
Info (10041): Inferred latch for "DATA_Mux[1]" at Control.vhd(37)
Info (13025): Duplicate LATCH primitives merged into single LATCH primitive
    Info (13026): Duplicate LATCH primitive "ld_Z$latch" merged with LATCH primitive "ld_C$latch"
Warning (13012): Latch A_Mux$latch has unsafe behavior
    Warning (13013): Ports D and ENA on the latch are fed by the same signal present_state.state_1
Warning (13012): Latch B_Mux$latch has unsafe behavior
    Warning (13013): Ports D and ENA on the latch are fed by the same signal present_state.state_1
Warning (13012): Latch IM_MUX1$latch has unsafe behavior
    Warning (13013): Ports D and ENA on the latch are fed by the same signal INST[31]
Warning (13012): Latch REG_Mux$latch has unsafe behavior
    Warning (13013): Ports D and ENA on the latch are fed by the same signal INST[31]
Warning (13012): Latch IM_MUX2[0]$latch has unsafe behavior
    Warning (13013): Ports D and ENA on the latch are fed by the same signal INST[24]
Warning (13012): Latch IM_MUX2[1]$latch has unsafe behavior
    Warning (13013): Ports D and ENA on the latch are fed by the same signal INST[24]
Warning (13012): Latch DATA_Mux[0]$latch has unsafe behavior
    Warning (13013): Ports D and ENA on the latch are fed by the same signal present_state.state_0
Warning (13012): Latch DATA_Mux[1]$latch has unsafe behavior
    Warning (13013): Ports D and ENA on the latch are fed by the same signal present_state.state_2
Warning (13012): Latch ALU_op[0]$latch has unsafe behavior
    Warning (13013): Ports D and ENA on the latch are fed by the same signal INST[28]
Warning (13012): Latch ALU_op[1]$latch has unsafe behavior
    Warning (13013): Ports D and ENA on the latch are fed by the same signal INST[24]
Warning (13012): Latch ALU_op[2]$latch has unsafe behavior
    Warning (13013): Ports D and ENA on the latch are fed by the same signal INST[24]
Warning (13012): Latch inc_PC$latch has unsafe behavior
    Warning (13013): Ports D and ENA on the latch are fed by the same signal present_state.state_2
Warning (13012): Latch ld_PC$latch has unsafe behavior
    Warning (13013): Ports D and ENA on the latch are fed by the same signal present_state.state_2
Warning (13012): Latch clr_A$latch has unsafe behavior
    Warning (13013): Ports D and ENA on the latch are fed by the same signal present_state.state_2
Warning (13012): Latch clr_B$latch has unsafe behavior
    Warning (13013): Ports D and ENA on the latch are fed by the same signal INST[30]
Warning (13012): Latch clr_C$latch has unsafe behavior
    Warning (13013): Ports D and ENA on the latch are fed by the same signal present_state.state_2
Warning (13012): Latch clr_Z$latch has unsafe behavior
    Warning (13013): Ports D and ENA on the latch are fed by the same signal present_state.state_2
Warning (13012): Latch ld_A$latch has unsafe behavior
    Warning (13013): Ports D and ENA on the latch are fed by the same signal INST[31]
Warning (13012): Latch ld_B$latch has unsafe behavior
    Warning (13013): Ports D and ENA on the latch are fed by the same signal INST[28]
Warning (13012): Latch ld_C$latch has unsafe behavior
    Warning (13013): Ports D and ENA on the latch are fed by the same signal present_state.state_2
Warning (13012): Latch wen$latch has unsafe behavior
    Warning (13013): Ports D and ENA on the latch are fed by the same signal INST[31]
Warning (13012): Latch en$latch has unsafe behavior
    Warning (13013): Ports D and ENA on the latch are fed by the same signal INST[31]
Warning (13024): Output pins are stuck at VCC or GND
    Warning (13410): Pin "clr_IR" is stuck at GND
Info (286030): Timing-Driven Synthesis is running
Warning (20013): Ignored assignments for entity "add" -- entity does not exist in design
    Warning (20014): Assignment for entity set_instance_assignment -name PARTITION_HIERARCHY root_partition -to | -entity add -section_id Top was ignored
    Warning (20014): Assignment for entity set_global_assignment -name PARTITION_NETLIST_TYPE SOURCE -entity add -section_id Top was ignored
    Warning (20014): Assignment for entity set_global_assignment -name PARTITION_FITTER_PRESERVATION_LEVEL PLACEMENT_AND_ROUTING -entity add -section_id Top was ignored
    Warning (20014): Assignment for entity set_global_assignment -name PARTITION_PRESERVE_HIGH_SPEED_TILES ON -entity add -section_id Top was ignored
    Warning (20014): Assignment for entity set_global_assignment -name PARTITION_IGNORE_SOURCE_FILE_CHANGES OFF -entity add -section_id Top was ignored
    Warning (20014): Assignment for entity set_global_assignment -name PARTITION_ALWAYS_USE_QXP_NETLIST OFF -entity add -section_id Top was ignored
    Warning (20014): Assignment for entity set_global_assignment -name PARTITION_COLOR 16764057 -entity add -section_id Top was ignored
    Warning (20014): Assignment for entity set_global_assignment -name PARTITION_IMPORT_ASSIGNMENTS ON -entity add -section_id Top was ignored
    Warning (20014): Assignment for entity set_global_assignment -name PARTITION_IMPORT_EXISTING_ASSIGNMENTS REPLACE_CONFLICTING -entity add -section_id Top was ignored
    Warning (20014): Assignment for entity set_global_assignment -name PARTITION_IMPORT_EXISTING_LOGICLOCK_REGIONS UPDATE_CONFLICTING -entity add -section_id Top was ignored
    Warning (20014): Assignment for entity set_global_assignment -name PARTITION_IMPORT_PIN_ASSIGNMENTS ON -entity add -section_id Top was ignored
    Warning (20014): Assignment for entity set_global_assignment -name PARTITION_IMPORT_PROMOTE_ASSIGNMENTS ON -entity add -section_id Top was ignored
    Warning (20014): Assignment for entity set_global_assignment -name PARTITION_TYPE STANDARD_PARTITION -entity add -section_id Top was ignored
    Warning (20014): Assignment for entity set_global_assignment -name ALLOW_MULTIPLE_PERSONAS OFF -entity add -section_id Top was ignored
    Warning (20014): Assignment for entity set_global_assignment -name PARTITION_ASD_REGION_ID 1 -entity add -section_id Top was ignored
    Warning (20014): Assignment for entity set_global_assignment -name CROSS_BOUNDARY_OPTIMIZATIONS OFF -entity add -section_id Top was ignored
    Warning (20014): Assignment for entity set_global_assignment -name PROPAGATE_CONSTANTS_ON_INPUTS ON -entity add -section_id Top was ignored
    Warning (20014): Assignment for entity set_global_assignment -name PROPAGATE_INVERSIONS_ON_INPUTS ON -entity add -section_id Top was ignored
    Warning (20014): Assignment for entity set_global_assignment -name REMOVE_LOGIC_ON_UNCONNECTED_OUTPUTS ON -entity add -section_id Top was ignored
    Warning (20014): Assignment for entity set_global_assignment -name MERGE_EQUIVALENT_INPUTS ON -entity add -section_id Top was ignored
    Warning (20014): Assignment for entity set_global_assignment -name MERGE_EQUIVALENT_BIDIRS ON -entity add -section_id Top was ignored
    Warning (20014): Assignment for entity set_global_assignment -name ABSORB_PATHS_FROM_OUTPUTS_TO_INPUTS ON -entity add -section_id Top was ignored
    Warning (20014): Assignment for entity set_global_assignment -name PARTITION_EXTRACT_HARD_BLOCK_NODES ON -entity add -section_id Top was ignored
    Warning (20014): Assignment for entity set_global_assignment -name PARTITION_ENABLE_STRICT_PRESERVATION OFF -entity add -section_id Top was ignored
Info (16010): Generating hard_block partition "hard_block:auto_generated_inst"
    Info (16011): Adding 0 node(s), including 0 DDIO, 0 PLL, 0 transceiver and 0 LCELL
Warning (21074): Design contains 25 input pin(s) that do not drive logic
    Warning (15610): No output dependent on input pin "mclk"
    Warning (15610): No output dependent on input pin "INST[0]"
    Warning (15610): No output dependent on input pin "INST[1]"
    Warning (15610): No output dependent on input pin "INST[2]"
    Warning (15610): No output dependent on input pin "INST[3]"
    Warning (15610): No output dependent on input pin "INST[4]"
    Warning (15610): No output dependent on input pin "INST[5]"
    Warning (15610): No output dependent on input pin "INST[6]"
    Warning (15610): No output dependent on input pin "INST[7]"
    Warning (15610): No output dependent on input pin "INST[8]"
    Warning (15610): No output dependent on input pin "INST[9]"
    Warning (15610): No output dependent on input pin "INST[10]"
    Warning (15610): No output dependent on input pin "INST[11]"
    Warning (15610): No output dependent on input pin "INST[12]"
    Warning (15610): No output dependent on input pin "INST[13]"
    Warning (15610): No output dependent on input pin "INST[14]"
    Warning (15610): No output dependent on input pin "INST[15]"
    Warning (15610): No output dependent on input pin "INST[16]"
    Warning (15610): No output dependent on input pin "INST[17]"
    Warning (15610): No output dependent on input pin "INST[18]"
    Warning (15610): No output dependent on input pin "INST[19]"
    Warning (15610): No output dependent on input pin "INST[20]"
    Warning (15610): No output dependent on input pin "INST[21]"
    Warning (15610): No output dependent on input pin "INST[22]"
    Warning (15610): No output dependent on input pin "INST[23]"
Info (21057): Implemented 180 device resources after synthesis - the final resource count might be different
    Info (21058): Implemented 37 input pins
    Info (21059): Implemented 28 output pins
    Info (21061): Implemented 115 logic cells
Info: Quartus II 64-Bit Analysis & Synthesis was successful. 0 errors, 118 warnings
    Info: Peak virtual memory: 1006 megabytes
    Info: Processing ended: Wed Mar 15 15:58:58 2023
    Info: Elapsed time: 00:00:07
    Info: Total CPU time (on all processors): 00:00:03


